# JRE version: Java(TM) SE Runtime Environment (8.0_261-b12) (build 1.8.0_261-b12)
# Java VM: Java HotSpot(TM) 64-Bit Server VM (25.261-b12 mixed mode windows-amd64 compressed oops)
Heap:
 PSYoungGen      total 315392K, used 928K [0x00000000eab00000, 0x0000000100000000, 0x0000000100000000)
  eden space 314368K, 0% used [0x00000000eab00000,0x00000000eab00000,0x00000000fde00000)
  from space 1024K, 90% used [0x00000000fde00000,0x00000000fdee8000,0x00000000fdf00000)
  to   space 18432K, 0% used [0x00000000fee00000,0x00000000fee00000,0x0000000100000000)
 ParOldGen       total 382464K, used 186253K [0x00000000c0000000, 0x00000000d7580000, 0x00000000eab00000)
  object space 382464K, 48% used [0x00000000c0000000,0x00000000cb5e37a8,0x00000000d7580000)
 Metaspace       used 108709K, capacity 120525K, committed 128728K, reserved 1161216K
  class space    used 14513K, capacity 15590K, committed 17408K, reserved 1048576K
GC Heap History (10 events):
Event: 9984.531 GC heap after
Heap after GC invocations=591 (full 11):
 PSYoungGen      total 330240K, used 13152K [0x00000000eab00000, 0x00000000fff80000, 0x0000000100000000)
  eden space 312832K, 0% used [0x00000000eab00000,0x00000000eab00000,0x00000000fdc80000)
  from space 17408K, 75% used [0x00000000fed80000,0x00000000ffa580d8,0x00000000ffe80000)
  to   space 17408K, 0% used [0x00000000fdc80000,0x00000000fdc80000,0x00000000fed80000)
 ParOldGen       total 382464K, used 257470K [0x00000000c0000000, 0x00000000d7580000, 0x00000000eab00000)
  object space 382464K, 67% used [0x00000000c0000000,0x00000000cfb6f8b0,0x00000000d7580000)
 Metaspace       used 108721K, capacity 120551K, committed 128728K, reserved 1161216K
  class space    used 14518K, capacity 15599K, committed 17408K, reserved 1048576K
}
Event: 9984.673 GC heap before
{Heap before GC invocations=592 (full 11):
 PSYoungGen      total 330240K, used 325984K [0x00000000eab00000, 0x00000000fff80000, 0x0000000100000000)
  eden space 312832K, 100% used [0x00000000eab00000,0x00000000fdc80000,0x00000000fdc80000)
  from space 17408K, 75% used [0x00000000fed80000,0x00000000ffa580d8,0x00000000ffe80000)
  to   space 17408K, 0% used [0x00000000fdc80000,0x00000000fdc80000,0x00000000fed80000)
 ParOldGen       total 382464K, used 257470K [0x00000000c0000000, 0x00000000d7580000, 0x00000000eab00000)
  object space 382464K, 67% used [0x00000000c0000000,0x00000000cfb6f8b0,0x00000000d7580000)
 Metaspace       used 108721K, capacity 120551K, committed 128728K, reserved 1161216K
  class space    used 14518K, capacity 15599K, committed 17408K, reserved 1048576K
Event: 9984.680 GC heap after
Heap after GC invocations=592 (full 11):
 PSYoungGen      total 330240K, used 12416K [0x00000000eab00000, 0x0000000100000000, 0x0000000100000000)
  eden space 312832K, 0% used [0x00000000eab00000,0x00000000eab00000,0x00000000fdc80000)
  from space 17408K, 71% used [0x00000000fdc80000,0x00000000fe8a0228,0x00000000fed80000)
  to   space 17408K, 0% used [0x00000000fef00000,0x00000000fef00000,0x0000000100000000)
 ParOldGen       total 382464K, used 257764K [0x00000000c0000000, 0x00000000d7580000, 0x00000000eab00000)
  object space 382464K, 67% used [0x00000000c0000000,0x00000000cfbb92e8,0x00000000d7580000)
 Metaspace       used 108721K, capacity 120551K, committed 128728K, reserved 1161216K
  class space    used 14518K, capacity 15599K, committed 17408K, reserved 1048576K
}
Event: 10812.017 GC heap before
{Heap before GC invocations=593 (full 11):
 PSYoungGen      total 330240K, used 167830K [0x00000000eab00000, 0x0000000100000000, 0x0000000100000000)
  eden space 312832K, 49% used [0x00000000eab00000,0x00000000f42c56e8,0x00000000fdc80000)
  from space 17408K, 71% used [0x00000000fdc80000,0x00000000fe8a0228,0x00000000fed80000)
  to   space 17408K, 0% used [0x00000000fef00000,0x00000000fef00000,0x0000000100000000)
 ParOldGen       total 382464K, used 257764K [0x00000000c0000000, 0x00000000d7580000, 0x00000000eab00000)
  object space 382464K, 67% used [0x00000000c0000000,0x00000000cfbb92e8,0x00000000d7580000)
 Metaspace       used 108721K, capacity 120551K, committed 128728K, reserved 1161216K
  class space    used 14518K, capacity 15599K, committed 17408K, reserved 1048576K
Event: 10812.024 GC heap after
Heap after GC invocations=593 (full 11):
 PSYoungGen      total 330752K, used 10790K [0x00000000eab00000, 0x00000000fff00000, 0x0000000100000000)
  eden space 314368K, 0% used [0x00000000eab00000,0x00000000eab00000,0x00000000fde00000)
  from space 16384K, 65% used [0x00000000fef00000,0x00000000ff989be0,0x00000000fff00000)
  to   space 16896K, 0% used [0x00000000fde00000,0x00000000fde00000,0x00000000fee80000)
 ParOldGen       total 382464K, used 258097K [0x00000000c0000000, 0x00000000d7580000, 0x00000000eab00000)
  object space 382464K, 67% used [0x00000000c0000000,0x00000000cfc0c7f8,0x00000000d7580000)
 Metaspace       used 108721K, capacity 120551K, committed 128728K, reserved 1161216K
  class space    used 14518K, capacity 15599K, committed 17408K, reserved 1048576K
}
Event: 10812.024 GC heap before
{Heap before GC invocations=594 (full 12):
 PSYoungGen      total 330752K, used 10790K [0x00000000eab00000, 0x00000000fff00000, 0x0000000100000000)
  eden space 314368K, 0% used [0x00000000eab00000,0x00000000eab00000,0x00000000fde00000)
  from space 16384K, 65% used [0x00000000fef00000,0x00000000ff989be0,0x00000000fff00000)
  to   space 16896K, 0% used [0x00000000fde00000,0x00000000fde00000,0x00000000fee80000)
 ParOldGen       total 382464K, used 258097K [0x00000000c0000000, 0x00000000d7580000, 0x00000000eab00000)
  object space 382464K, 67% used [0x00000000c0000000,0x00000000cfc0c7f8,0x00000000d7580000)
 Metaspace       used 108721K, capacity 120551K, committed 128728K, reserved 1161216K
  class space    used 14518K, capacity 15599K, committed 17408K, reserved 1048576K
Event: 10812.356 GC heap after
Heap after GC invocations=594 (full 12):
 PSYoungGen      total 330752K, used 0K [0x00000000eab00000, 0x00000000fff00000, 0x0000000100000000)
  eden space 314368K, 0% used [0x00000000eab00000,0x00000000eab00000,0x00000000fde00000)
  from space 16384K, 0% used [0x00000000fef00000,0x00000000fef00000,0x00000000fff00000)
  to   space 16896K, 0% used [0x00000000fde00000,0x00000000fde00000,0x00000000fee80000)
 ParOldGen       total 382464K, used 186253K [0x00000000c0000000, 0x00000000d7580000, 0x00000000eab00000)
  object space 382464K, 48% used [0x00000000c0000000,0x00000000cb5e37a8,0x00000000d7580000)
 Metaspace       used 108709K, capacity 120525K, committed 128728K, reserved 1161216K
  class space    used 14513K, capacity 15590K, committed 17408K, reserved 1048576K
}
Event: 12612.025 GC heap before
{Heap before GC invocations=595 (full 12):
 PSYoungGen      total 330752K, used 31583K [0x00000000eab00000, 0x00000000fff00000, 0x0000000100000000)
  eden space 314368K, 10% used [0x00000000eab00000,0x00000000ec9d7d88,0x00000000fde00000)
  from space 16384K, 0% used [0x00000000fef00000,0x00000000fef00000,0x00000000fff00000)
  to   space 16896K, 0% used [0x00000000fde00000,0x00000000fde00000,0x00000000fee80000)
 ParOldGen       total 382464K, used 186253K [0x00000000c0000000, 0x00000000d7580000, 0x00000000eab00000)
  object space 382464K, 48% used [0x00000000c0000000,0x00000000cb5e37a8,0x00000000d7580000)
 Metaspace       used 108709K, capacity 120525K, committed 128728K, reserved 1161216K
  class space    used 14513K, capacity 15590K, committed 17408K, reserved 1048576K
Event: 12612.029 GC heap after
Heap after GC invocations=595 (full 12):
 PSYoungGen      total 315392K, used 928K [0x00000000eab00000, 0x0000000100000000, 0x0000000100000000)
  eden space 314368K, 0% used [0x00000000eab00000,0x00000000eab00000,0x00000000fde00000)
  from space 1024K, 90% used [0x00000000fde00000,0x00000000fdee8000,0x00000000fdf00000)
  to   space 18432K, 0% used [0x00000000fee00000,0x00000000fee00000,0x0000000100000000)
 ParOldGen       total 382464K, used 186253K [0x00000000c0000000, 0x00000000d7580000, 0x00000000eab00000)
  object space 382464K, 48% used [0x00000000c0000000,0x00000000cb5e37a8,0x00000000d7580000)
 Metaspace       used 108709K, capacity 120525K, committed 128728K, reserved 1161216K
  class space    used 14513K, capacity 15590K, committed 17408K, reserved 1048576K
}
Event: 12612.029 GC heap before
{Heap before GC invocations=596 (full 13):
 PSYoungGen      total 315392K, used 928K [0x00000000eab00000, 0x0000000100000000, 0x0000000100000000)
  eden space 314368K, 0% used [0x00000000eab00000,0x00000000eab00000,0x00000000fde00000)
  from space 1024K, 90% used [0x00000000fde00000,0x00000000fdee8000,0x00000000fdf00000)
  to   space 18432K, 0% used [0x00000000fee00000,0x00000000fee00000,0x0000000100000000)
 ParOldGen       total 382464K, used 186253K [0x00000000c0000000, 0x00000000d7580000, 0x00000000eab00000)
  object space 382464K, 48% used [0x00000000c0000000,0x00000000cb5e37a8,0x00000000d7580000)
 Metaspace       used 108709K, capacity 120525K, committed 128728K, reserved 1161216K
  class space    used 14513K, capacity 15590K, committed 17408K, reserved 1048576K

